[LOG] System::create                           : Header version = 2.02.25. Current version = 2.02.25.
[LOG] Manager::init                            : maxchannels = 256 studioflags = 00000006 flags 00000000 extradriverdata 0000000000000000.
[LOG] SystemI::init                            : Initialize version=20225 (147536), maxchannels=256, flags=0x00020000
[LOG] SystemI::setOutputInternal               : Setting output to 'FMOD WASAPI Output'
[LOG] OutputWASAPI::init                       : Mix Format (WAVEFORMATEX): wFormatTag=0xFFFE, nChannels=2, nSamplesPerSec=48000, nAvgBytesPerSec=384000, nBlockAlign=8, wBitsPerSample=32, cbSize=22.
[LOG] OutputWASAPI::init                       : Mix Format (WAVEFORMATEXTENSIBLE): wValidBitsPerSample=32, dwChannelMask=0x00000003, SubFormat=00000003-0000-0010-8000-00AA00389B71.
[LOG] OutputWASAPI::init                       : Output buffer size: 4096 samples, latency: 0.00ms, period: 10.00ms, DSP buffer: 1024 * 4
[LOG] Thread::initThread                       : Init FMOD stream thread. Affinity: 0x4000000000000003, Priority: 0xFFFF7FFB, Stack Size: 98304, Semaphore: No, Sleep Time: 10, Looping: Yes.
[LOG] Thread::initThread                       : Init FMOD mixer thread. Affinity: 0x4000000000000001, Priority: 0xFFFF7FFA, Stack Size: 81920, Semaphore: No, Sleep Time: 0, Looping: Yes.
[LOG] AsyncManager::init                       : manager 00000114211B8618 isAsync 0 updatePeriod 0.02
[LOG] AsyncManager::init                       : done
[LOG] PlaybackSystem::init                     : 
[LOG] Thread::initThread                       : Init FMOD Studio sample load thread. Affinity: 0x4000000000000003, Priority: 0xFFFF7FFD, Stack Size: 98304, Semaphore: No, Sleep Time: 1, Looping: No.
[LOG] PlaybackSystem::init                     : done
[LOG] Thread::initThread                       : Init FMOD Studio bank load thread. Affinity: 0x4000000000000003, Priority: 0xFFFF7FFD, Stack Size: 98304, Semaphore: No, Sleep Time: 1, Looping: No.
[LOG] Manager::init                            : done.
[LOG] Manager::readBank                        : fileversion = 142, compatVersion = 140 (oldest = 44, newest = 142)
[LOG] Manager::readBank                        : fileversion = 142, compatVersion = 140 (oldest = 44, newest = 142)
[LOG] Manager::readBank                        : fileversion = 142, compatVersion = 140 (oldest = 44, newest = 142)
[LOG] PlaybackSystem::acquireMasterBus         : Setting master channel group format to 6
[LOG] Manager::readBank                        : fileversion = 142, compatVersion = 140 (oldest = 44, newest = 142)
[LOG] SystemI::createSoundInternal             : Create name='', mode=0x02000202
[LOG] SystemI::createSoundInternal             : exinfo->cbsize             = 224
[LOG] SystemI::createSoundInternal             : exinfo->length             = 227840
[LOG] SystemI::createSoundInternal             : exinfo->fileoffset         = 7680
[LOG] SystemI::createSoundInternal             : exinfo->numsubsounds       = 1
[LOG] SystemI::createSoundInternal             : exinfo->inclusionlist      = 0000000C85BFEE48
[LOG] SystemI::createSoundInternal             : exinfo->inclusionlistnum   = 1
[LOG] SystemI::createSoundInternal             : exinfo->suggestedsoundtype = 5
[LOG] SystemI::createSoundInternal             : exinfo->useropen           = 00007FFD66D35B90
[LOG] SystemI::createSoundInternal             : exinfo->userclose          = 00007FFD66D35B50
[LOG] SystemI::createSoundInternal             : exinfo->userread           = 00007FFD66D35C70
[LOG] SystemI::createSoundInternal             : exinfo->userseek           = 00007FFD66D35D30
[LOG] SystemI::createSoundInternal             : exinfo->fileuserdata       = 0000011468584838
[LOG] SystemI::createSoundInternal             : exinfo->initialseekpostype = 1
[LOG] SystemI::DSPCodecPoolRegister            : register codec pool for pool type 5
[LOG] SystemI::createSoundInternal             : Sample 0/1: name='button', format=5, channels=2, frequency=48000, lengthbytes=2880, lengthpcm=106779, pcmblocksize=0, loopstart=0, loopend=0, mode=0x00000000, channelmask=0x00000000, channelorder=0, peakvolume=0.975112.
[LOG] SystemI::createSoundInternal             : Create name='', mode=0x02000202
[LOG] SystemI::createSoundInternal             : exinfo->cbsize             = 224
[LOG] SystemI::createSoundInternal             : exinfo->length             = 5376
[LOG] SystemI::createSoundInternal             : exinfo->fileoffset         = 1536
[LOG] SystemI::createSoundInternal             : exinfo->numsubsounds       = 1
[LOG] SystemI::createSoundInternal             : exinfo->inclusionlist      = 0000000C85BFEE48
[LOG] SystemI::createSoundInternal             : exinfo->inclusionlistnum   = 1
[LOG] SystemI::createSoundInternal             : exinfo->suggestedsoundtype = 5
[LOG] SystemI::createSoundInternal             : exinfo->useropen           = 00007FFD66D35B90
[LOG] SystemI::createSoundInternal             : exinfo->userclose          = 00007FFD66D35B50
[LOG] SystemI::createSoundInternal             : exinfo->userread           = 00007FFD66D35C70
[LOG] SystemI::createSoundInternal             : exinfo->userseek           = 00007FFD66D35D30
[LOG] SystemI::createSoundInternal             : exinfo->fileuserdata       = 00000114170DBA18
[LOG] SystemI::createSoundInternal             : exinfo->initialseekpostype = 1
[LOG] SystemI::DSPCodecPoolRegister            : register codec pool for pool type 5
[LOG] SystemI::createSoundInternal             : Sample 0/1: name='new_drum', format=5, channels=2, frequency=48000, lengthbytes=5248, lengthpcm=155077, pcmblocksize=0, loopstart=0, loopend=0, mode=0x00000000, channelmask=0x00000000, channelorder=0, peakvolume=0.992035.
[LOG] SystemI::createSoundInternal             : Create name='', mode=0x02000202
[LOG] SystemI::createSoundInternal             : exinfo->cbsize             = 224
[LOG] SystemI::createSoundInternal             : exinfo->length             = 227840
[LOG] SystemI::createSoundInternal             : exinfo->fileoffset         = 7680
[LOG] SystemI::createSoundInternal             : exinfo->numsubsounds       = 1
[LOG] SystemI::createSoundInternal             : exinfo->inclusionlist      = 0000000C85BFEE48
[LOG] SystemI::createSoundInternal             : exinfo->inclusionlistnum   = 1
[LOG] SystemI::createSoundInternal             : exinfo->suggestedsoundtype = 5
[LOG] SystemI::createSoundInternal             : exinfo->useropen           = 00007FFD66D35B90
[LOG] SystemI::createSoundInternal             : exinfo->userclose          = 00007FFD66D35B50
[LOG] SystemI::createSoundInternal             : exinfo->userread           = 00007FFD66D35C70
[LOG] SystemI::createSoundInternal             : exinfo->userseek           = 00007FFD66D35D30
[LOG] SystemI::createSoundInternal             : exinfo->fileuserdata       = 0000011468584838
[LOG] SystemI::createSoundInternal             : exinfo->initialseekpostype = 1
[LOG] SystemI::DSPCodecPoolRegister            : register codec pool for pool type 5
[LOG] SystemI::createSoundInternal             : Sample 0/1: name='error', format=5, channels=2, frequency=48000, lengthbytes=6496, lengthpcm=105923, pcmblocksize=0, loopstart=0, loopend=0, mode=0x00000000, channelmask=0x00000000, channelorder=0, peakvolume=0.975008.
[LOG] SystemI::createSound                     : filename = FMOD/audio/Build/Desktop/UI.bank : mode 02010082
[LOG] SystemI::createSound                     : FMOD_NONBLOCKING specified.  Putting into queue to be opened asynchronously!
[LOG] AsyncThread::add                         : add sound to async queue : soundi = 00000114421A73F8, queue head = 0000011420CFCE68, queue count = 0
[LOG] AsyncThread::threadFunc                  : Starting Asynchronous operation on sound 00000114421A73F8
[LOG] SystemI::createSoundInternal             :     Create name='FMOD/audio/Build/Desktop/UI.bank', mode=0x02010082
[LOG] SystemI::createSoundInternal             :     exinfo->cbsize             = 224
[LOG] SystemI::createSoundInternal             :     exinfo->length             = 227840
[LOG] SystemI::createSoundInternal             :     exinfo->fileoffset         = 7680
[LOG] SystemI::createSoundInternal             :     exinfo->numsubsounds       = 1
[LOG] SystemI::createSoundInternal             :     exinfo->inclusionlist      = 000001133737AA90
[LOG] SystemI::createSoundInternal             :     exinfo->inclusionlistnum   = 1
[LOG] SystemI::createSoundInternal             :     exinfo->suggestedsoundtype = 5
[LOG] SystemI::createSoundInternal             :     exinfo->initialseekpostype = 1
[LOG] SystemI::createSoundInternal             :     Stream 0/1: name='bgm', format=5, channels=2, frequency=48000, lengthbytes=183904, lengthpcm=838154, pcmblocksize=0, loopstart=0, loopend=0, mode=0x00000000, channelmask=0x00000000, channelorder=0, peakvolume=0.975045.
[LOG] AsyncThread::threadFunc                  : Finished Asynchronous operation on sound 00000114421A73F8
[LOG] SoundI::release                          :  (0000011426B5D978)
[LOG] SoundI::release                          :     shuffle_2 (0000011444E56E58)
[LOG] SoundI::release                          :  (0000011426B5DF38)
[LOG] SoundI::release                          :     correct (00000114685FFD68)
[LOG] SoundI::release                          :  (00000113A14784F8)
[LOG] SoundI::release                          :     new_drum (0000011335FE6AC8)
[LOG] SoundI::release                          :  (00000114656318B8)
[LOG] SoundI::release                          :     button (0000011443384708)
[LOG] SoundI::release                          :  (0000011465631468)
[LOG] SoundI::release                          :     error (0000011443382D08)
[LOG] SoundI::release                          :  (00000113ACBC6148)
[LOG] SoundI::release                          :     french_horn_zhi (0000011434811D68)
[LOG] SoundI::release                          :  (00000113ACBC7C98)
[LOG] SoundI::release                          :     french_horn_jue (00000114348147A8)
[LOG] SoundI::release                          :  (00000113ACBC7118)
[LOG] SoundI::release                          :     french_horn_shang (0000011434813288)
[LOG] SoundI::release                          :  (00000113ACBC6FA8)
[LOG] SoundI::release                          :     french_horn_yu (0000011177D085D8)
[LOG] SoundI::release                          :  (00000113ACBC7B28)
[LOG] SoundI::release                          :     french_horn_gong (0000011434814468)
[LOG] SoundI::release                          :  (000001133C1DC418)
[LOG] SoundI::release                          :     bass_yu (0000011468602128)
[LOG] SoundI::release                          :  (000001133C1DC6F8)
[LOG] SoundI::release                          :     bass_jue (0000011468601DE8)
[LOG] SoundI::release                          :  (000001133C1DC2A8)
[LOG] SoundI::release                          :     bass_shang (0000011468603308)
[LOG] SoundI::release                          :  (0000011426B5DC58)
[LOG] SoundI::release                          :     bass_zhi (0000011468600A68)
[LOG] SoundI::release                          :  (0000011426B5D698)
[LOG] SoundI::release                          :     bass_gong (0000011468601C48)
[LOG] SoundI::release                          :  (000001133C1DC138)
[LOG] SoundI::release                          :     violin_zhi (0000011468602468)
[LOG] SoundI::release                          :  (000001133C1DC9D8)
[LOG] SoundI::release                          :     violin_jue (0000011468602AE8)
[LOG] SoundI::release                          :  (000001133C1DCCB8)
[LOG] SoundI::release                          :     violin_yu (0000011468601768)
[LOG] SoundI::release                          :  (000001132AFC63D8)
[LOG] SoundI::release                          :     violin_shang (0000011468600248)
[LOG] SoundI::release                          :  (000001132AFC6C78)
[LOG] SoundI::release                          :     violin_gong (00000114686022C8)
[LOG] SoundI::release                          :  (00000113ACBC6B58)
[LOG] SoundI::release                          :     french_horn_yu2 (0000011434813768)
[LOG] SoundI::release                          :  (00000113ACBC69E8)
[LOG] SoundI::release                          :     french_horn_shang2 (00000114348116E8)
[LOG] SoundI::release                          :  (00000113ACBC7568)
[LOG] SoundI::release                          :     french_horn_jue2 (0000011177D09478)
[LOG] SoundI::release                          :  (00000113ACBC6428)
[LOG] SoundI::release                          :     french_horn_gong2 (00000114348123E8)
[LOG] SoundI::release                          :  (00000113ACBC7848)
[LOG] SoundI::release                          :     french_horn_zhi2 (0000011434814C88)
[LOG] SoundI::release                          :  (0000011426B5D808)
[LOG] SoundI::release                          :     bass_zhi2 (00000114686027A8)
[LOG] SoundI::release                          :  (0000011426B5D528)
[LOG] SoundI::release                          :     bass_jue2 (00000114685FF888)
[LOG] SoundI::release                          :  (0000011426B5DDC8)
[LOG] SoundI::release                          :     bass_shang2 (0000011468600F48)
[LOG] SoundI::release                          :  (000001133C1DCB48)
[LOG] SoundI::release                          :     bass_yu2 (0000011468602C88)
[LOG] SoundI::release                          :  (000001133C1DC868)
[LOG] SoundI::release                          :     bass_gong2 (0000011468602608)
[LOG] SoundI::release                          :  (0000011433B67FD8)
[LOG] SoundI::release                          :     flute_zhi (0000011434812F48)
[LOG] SoundI::release                          : bgm (00000114421A73F8)
[LOG] SoundI::release                          :     bgm (0000011428C5F7B8)
[LOG] SoundI::release                          :     bgm (000001132D4C3C78)
[LOG] SoundI::release                          : bgm (000001143C1D2F78)
[LOG] SoundI::release                          :     bgm (0000011335FE5A88)
[LOG] SoundI::release                          :     bgm (00000114445D1438)
[LOG] SoundI::release                          :  (000001132AFC6998)
[LOG] SoundI::release                          :     flute_gong (0000011434812588)
[LOG] SoundI::release                          :  (00000113ACBC6598)
[LOG] SoundI::release                          :     flute_yu (0000011434814948)
[LOG] SoundI::release                          :  (000001132AFC66B8)
[LOG] SoundI::release                          :     flute_shang (0000011434812DA8)
[LOG] SoundI::release                          :  (00000113ACBC62B8)
[LOG] SoundI::release                          :     flute_jue (0000011434812A68)
[LOG] SoundI::release                          :  (000001132AFC6268)
[LOG] SoundI::release                          :     flute_zhi2 (00000114348120A8)
[LOG] SoundI::release                          :  (00000113ACBC6CC8)
[LOG] SoundI::release                          :     flute_shang2 (0000011434811BC8)
[LOG] SoundI::release                          :  (00000113ACBC5FD8)
[LOG] SoundI::release                          :     flute_gong2 (0000011434813908)
[LOG] SoundI::release                          :  (000001132AFC6828)
[LOG] SoundI::release                          :     flute_yu2 (0000011434811548)
[LOG] SoundI::release                          :  (000001132AFC6548)
[LOG] SoundI::release                          :     flute_jue2 (0000011434811F08)
[LOG] SoundI::release                          :  (000001132AFC6B08)
[LOG] SoundI::release                          :     violin_zhi2 (0000011434814128)
[LOG] SoundI::release                          :  (000001132AFC60F8)
[LOG] SoundI::release                          :     violin_jue2 (0000011468601428)
[LOG] SoundI::release                          :  (000001132AFC6DE8)
[LOG] SoundI::release                          :     violin_gong2 (0000011468603168)
[LOG] SoundI::release                          :  (000001133C1DC588)
[LOG] SoundI::release                          :     violin_yu2 (00000114685FF548)
[LOG] SoundI::release                          :  (000001133C1DCE28)
[LOG] SoundI::release                          :     violin_shang2 (0000011468601AA8)
[LOG] Thread::callback                         : FMOD Studio update thread finished.
[LOG] Thread::callback                         : FMOD Studio bank load thread finished.
[LOG] Profile::disconnectAll                   : Profiler disconnecting all clients
[LOG] Thread::callback                         : FMOD Studio sample load thread finished.
[LOG] LiveUpdate::release                      : 
[LOG] LiveUpdate::reset                        : Reset connection (reason Disconnected)
[LOG] Thread::callback                         : FMOD stream thread finished.
[LOG] Thread::callback                         : FMOD mixer thread finished.
[LOG] Profile::disconnectAll                   : Profiler disconnecting all clients
[LOG] SystemI::close                           : Closed.
[LOG] Thread::callback                         : FMOD Studio bank load thread finished.
[LOG] Thread::callback                         : FMOD Studio sample load thread finished.
[LOG] LiveUpdate::release                      : 
[LOG] LiveUpdate::reset                        : Reset connection (reason Disconnected)
[LOG] Thread::callback                         : FMOD stream thread finished.
[LOG] Thread::callback                         : FMOD mixer thread finished.
[LOG] SystemI::close                           : Closed.
[LOG] Thread::callback                         : FMOD nonblocking thread (0) finished.
[LOG] Thread::callback                         : FMOD file thread finished.
